Arguments: 
  /Users/dbragin/.nvm/versions/node/v10.16.0/bin/node /usr/local/Cellar/yarn/1.22.0/libexec/bin/yarn.js init

PATH: 
  /Users/dbragin/.nvm/versions/node/v10.16.0/bin:/Users/dbragin/Library/Android/sdk/build-tools/28.0.3:/Users/dbragin/Library/Android/sdk/platform-tools:/Users/dbragin/Library/Android/sdk/tools:/usr/local/opt/gradle/bin:/usr/local/opt/maven/bin:/usr/local/opt/ant/bin:/opt/local/bin:/opt/local/sbin:/Library/Frameworks/Python.framework/Versions/3.7/bin:/Library/Frameworks/Python.framework/Versions/3.8/bin:/usr/local/bin:/usr/bin:/bin:/usr/sbin:/sbin:/Applications/VMware Fusion.app/Contents/Public:/usr/local/share/dotnet:/opt/X11/bin:~/.dotnet/tools:/Library/Frameworks/Mono.framework/Versions/Current/Commands:/Users/dbragin/Library/Android/sdk/emulator:/Users/dbragin/Library/Android/sdk/tools:/Users/dbragin/Library/Android/sdk/tools/bin:/Users/dbragin/Library/Android/sdk/tools:/Users/dbragin/Library/Android/sdk/platform-tools:/Users/dbragin/android-sdks/platform-tools/:/Users/dbragin/android-sdks/tools/:/Users/dbragin/Projects/.dev/flutter/bin

Yarn version: 
  1.22.0

Node version: 
  10.16.0

Platform: 
  darwin x64

Trace: 
  Error: canceled
      at Interface.<anonymous> (/usr/local/Cellar/yarn/1.22.0/libexec/lib/cli.js:136987:13)
      at Interface.emit (events.js:198:13)
      at Interface._ttyWrite (readline.js:801:16)
      at ReadStream.onkeypress (readline.js:184:10)
      at ReadStream.emit (events.js:198:13)
      at emitKeys (internal/readline.js:424:14)
      at emitKeys.next (<anonymous>)
      at ReadStream.onData (readline.js:1075:36)
      at ReadStream.emit (events.js:198:13)
      at addChunk (_stream_readable.js:288:12)

npm manifest: 
  No manifest

yarn manifest: 
  No manifest

Lockfile: 
  No lockfile
